[debug] [2022-05-26T16:01:44.512Z] ----------------------------------------------------------------------
[debug] [2022-05-26T16:01:44.514Z] Command:       D:\Software\code\Node js\install file\node.exe C:\Users\Asus\AppData\Roaming\npm\node_modules\firebase-tools\lib\bin\firebase.js deploy
[debug] [2022-05-26T16:01:44.514Z] CLI Version:   10.7.2
[debug] [2022-05-26T16:01:44.514Z] Platform:      win32
[debug] [2022-05-26T16:01:44.514Z] Node Version:  v16.13.1
[debug] [2022-05-26T16:01:44.520Z] Time:          Thu May 26 2022 22:01:44 GMT+0600 (Bangladesh Standard Time)
[debug] [2022-05-26T16:01:44.520Z] ----------------------------------------------------------------------
[debug] 
[debug] [2022-05-26T16:01:44.607Z] > command requires scopes: ["email","openid","https://www.googleapis.com/auth/cloudplatformprojects.readonly","https://www.googleapis.com/auth/firebase","https://www.googleapis.com/auth/cloud-platform"]
[debug] [2022-05-26T16:01:44.607Z] > authorizing via signed-in user (niiyaz5555@gmail.com)
[debug] [2022-05-26T16:01:44.608Z] [iam] checking project parts-and-co for permissions ["firebase.projects.get","firebasehosting.sites.update"]
[debug] [2022-05-26T16:01:44.611Z] >>> [apiv2][query] POST https://cloudresourcemanager.googleapis.com/v1/projects/parts-and-co:testIamPermissions [none]
[debug] [2022-05-26T16:01:44.611Z] >>> [apiv2][body] POST https://cloudresourcemanager.googleapis.com/v1/projects/parts-and-co:testIamPermissions {"permissions":["firebase.projects.get","firebasehosting.sites.update"]}
[debug] [2022-05-26T16:01:55.786Z] [iam] error while checking permissions, command may fail: FirebaseError: Failed to make request to https://cloudresourcemanager.googleapis.com/v1/projects/parts-and-co:testIamPermissions
[debug] [2022-05-26T16:01:55.788Z] >>> [apiv2][query] GET https://firebase.googleapis.com/v1beta1/projects/parts-and-co [none]
[debug] [2022-05-26T16:02:06.922Z] Failed to make request to https://firebase.googleapis.com/v1beta1/projects/parts-and-co
[debug] [2022-05-26T16:02:18.070Z] FirebaseError: Failed to make request to https://firebase.googleapis.com/v1beta1/projects/parts-and-co
    at RetryOperation._fn (C:\Users\Asus\AppData\Roaming\npm\node_modules\firebase-tools\lib\apiv2.js:240:31)
    at processTicksAndRejections (node:internal/process/task_queues:96:5)
[error] 
[error] Error: Failed to get Firebase project parts-and-co. Please make sure the project exists and your account has permission to access it.
